<?xml version="1.0" encoding="UTF-8"?>
<!-- Generated by org.testng.reporters.JUnitXMLReporter -->
<testsuite ignored="0" hostname="DESKTOP-O365DJT" failures="0" tests="2" name="TC01_Add_Nationality" time="30.39" errors="0" timestamp="23 Dec 2019 03:12:41 GMT">
  <testcase classname="TestCases.TC01_Add_Nationality" name="Nationality_call_allmethods" time="12.209"/>
  <testcase classname="TestCases.TC01_Add_Nationality" name="Nationality_call_allmethods" time="3.245"/>
</testsuite> <!-- TC01_Add_Nationality -->
